earthquakes
payments
breaths
actions
taxes
series
branches
vests
fuels
nebulae
scissorses
analyses
stages
losses
bellses
stickses
days
stars
peaces
towns
sizes
crises
tricks
chalks
diagnoses
paralyses
poisons
whistles
buckets
powders
orders
trouserses
cowses
levels
jeanses
toys
stoves
vitae
basins
thunders
stomaches
tableaux
places
toeses
walks
dollses
cacti
backs
currents
hours
harmonies
respects
geese
stretches
zippers
windows
scales
oranges
languages
houseses
calendars
knees
tomatoeses
runs
oxen
roads
vegetables
distances
visitors
requests
cheeses
parentheses
bursts
wastes
badges
loves
mice
offers
jars
indeces
busheses
boundaries
desires
axes
wheels
curricula
lumbers
theses
grandfathers
mittens
bases
stations
phenomena
bottles
pancakes
crayons
waveses
antennae
stimuli
toys
